<?xml version="1.0" encoding="UTF-8"?>
<testsuite name="CronExpressionParser.LibraryTest" tests="1" skipped="0" failures="0" errors="0" timestamp="2021-10-25T09:58:24" hostname="muml289247m" time="0.001">
  <properties/>
  <testcase name="testSomeLibraryMethod" classname="CronExpressionParser.LibraryTest" time="0.001"/>
  <system-out><![CDATA[]]></system-out>
  <system-err><![CDATA[]]></system-err>
</testsuite>
